Logfile initialized
[INFO] logfile = /Users/dcarroll/Documents/Titanium_Studio_Workspace/Todo List/build.log
[INFO] logfile = /Users/dcarroll/Documents/Titanium_Studio_Workspace/Todo List/build.log
[DEBUG] /Users/dcarroll/Library/Application Support/Titanium/mobilesdk/osx/3.1.0.GA/android/builder.py simulator Todo List /Users/dcarroll/Documents /Users/dcarroll/Documents/Titanium_Studio_Workspace/Todo List com.appcelerator.sample.todo 2 WVGA854 /127.0.0.1:56535
[DEBUG] /Users/dcarroll/Library/Application Support/Titanium/mobilesdk/osx/3.1.0.GA/android/builder.py emulator Todo List /Users/dcarroll/Documents /Users/dcarroll/Documents/Titanium_Studio_Workspace/Todo List com.appcelerator.sample.todo 2 WVGA854 armeabi
[INFO] Building Todo List for Android ... one moment
[INFO] Launching Android emulator...one moment
[DEBUG] From: /Users/dcarroll/Documents/tools/emulator
[DEBUG] SDCard: /Users/dcarroll/.titanium/android2.sdcard
[DEBUG] AVD ID: 2
[DEBUG] AVD Skin: WVGA854
[DEBUG] AVD ABI: armeabi
[DEBUG] SDK: /Users/dcarroll/Documents
[INFO] Emulator is running.
[INFO] Titanium SDK version: 3.1.0 (04/15/13 18:45 57634ef)
[DEBUG] Waiting for device to be ready ...
[TRACE] adb devices returned 1 devices/emulators
[DEBUG] Device connected... (waited 0 seconds)
[DEBUG] waited 0.020594 seconds on emulator to get ready
[DEBUG] com.appcelerator.sample.todo installed? True
[WARN] Fastdev enabled, but server isn't running, deploying normally
[INFO] Copying CommonJS modules...
[INFO] Copying project resources..
[TRACE] COPYING MODIFIED FILE: /Users/dcarroll/Documents/Titanium_Studio_Workspace/Todo List/Resources/app.js => /Users/dcarroll/Documents/Titanium_Studio_Workspace/Todo List/build/android/bin/assets/Resources/app.js
[TRACE] COPYING MODIFIED FILE: /Users/dcarroll/Documents/Titanium_Studio_Workspace/Todo List/Resources/db.js => /Users/dcarroll/Documents/Titanium_Studio_Workspace/Todo List/build/android/bin/assets/Resources/db.js
[TRACE] COPYING MODIFIED FILE: /Users/dcarroll/Documents/Titanium_Studio_Workspace/Todo List/Resources/forcetkTN.js => /Users/dcarroll/Documents/Titanium_Studio_Workspace/Todo List/build/android/bin/assets/Resources/forcetkTN.js
[TRACE] COPYING MODIFIED FILE: /Users/dcarroll/Documents/Titanium_Studio_Workspace/Todo List/Resources/ui/AddWindow.js => /Users/dcarroll/Documents/Titanium_Studio_Workspace/Todo List/build/android/bin/assets/Resources/ui/AddWindow.js
[TRACE] COPYING MODIFIED FILE: /Users/dcarroll/Documents/Titanium_Studio_Workspace/Todo List/Resources/ui/ListWindow.js => /Users/dcarroll/Documents/Titanium_Studio_Workspace/Todo List/build/android/bin/assets/Resources/ui/ListWindow.js
[TRACE] COPYING MODIFIED FILE: /Users/dcarroll/Documents/Titanium_Studio_Workspace/Todo List/Resources/ui/LoginWindow.js => /Users/dcarroll/Documents/Titanium_Studio_Workspace/Todo List/build/android/bin/assets/Resources/ui/LoginWindow.js
[TRACE] COPYING CREATED FILE: /Users/dcarroll/Documents/Titanium_Studio_Workspace/Todo List/Resources/underscore.js => /Users/dcarroll/Documents/Titanium_Studio_Workspace/Todo List/build/android/bin/assets/Resources/underscore.js
[DEBUG] LiveView not enabled
[TRACE] Generating Java Classes
[DEBUG] Processing Android resource drawables
[DEBUG] copying app icon: /Users/dcarroll/Documents/Titanium_Studio_Workspace/Todo List/build/android/bin/assets/Resources/appicon.png
[DEBUG] generating theme.xml
[DEBUG] found splash screen at /Users/dcarroll/Documents/Titanium_Studio_Workspace/Todo List/build/android/bin/assets/Resources/default.png
[TRACE] Writing out AndroidManifest.xml
[DEBUG] adding /Users/dcarroll/Documents/Titanium_Studio_Workspace/Todo List/build/android/gen/com/appcelerator/sample/todo/R.java to javac build list
[DEBUG] adding /Users/dcarroll/Documents/Titanium_Studio_Workspace/Todo List/build/android/gen/com/appcelerator/sample/todo/TodoListActivity.java to javac build list
[DEBUG] adding /Users/dcarroll/Documents/Titanium_Studio_Workspace/Todo List/build/android/gen/com/appcelerator/sample/todo/TodoListAppInfo.java to javac build list
[DEBUG] adding /Users/dcarroll/Documents/Titanium_Studio_Workspace/Todo List/build/android/gen/com/appcelerator/sample/todo/TodoListApplication.java to javac build list
[DEBUG] Building Java Sources: "/Users/dcarroll/Documents/Titanium_Studio_Workspace/Todo List/build/android/gen/com/appcelerator/sample/todo/R.java" "/Users/dcarroll/Documents/Titanium_Studio_Workspace/Todo List/build/android/gen/com/appcelerator/sample/todo/TodoListActivity.java" "/Users/dcarroll/Documents/Titanium_Studio_Workspace/Todo List/build/android/gen/com/appcelerator/sample/todo/TodoListAppInfo.java" "/Users/dcarroll/Documents/Titanium_Studio_Workspace/Todo List/build/android/gen/com/appcelerator/sample/todo/TodoListApplication.java"
[INFO] Compiling Android Resources... This could take some time
[DEBUG] Android classes.dex built
[DEBUG] creating unsigned apk: /Users/dcarroll/Documents/Titanium_Studio_Workspace/Todo List/build/android/bin/app-unsigned.apk
[DEBUG] from resource zip => assets/Resources/images/KS_nav_ui.png
[DEBUG] from resource zip => assets/Resources/images/KS_nav_views.png
[DEBUG] from resource zip => assets/Resources/images/ic_menu_add.png
[DEBUG] from resource zip => assets/Resources/ui/AddWindow.js
[DEBUG] from resource zip => assets/Resources/ui/AppTabGroup.js
[DEBUG] from resource zip => assets/Resources/ui/ListWindow.js
[DEBUG] from resource zip => assets/Resources/ui/LoginWindow.js
[DEBUG] from resource zip => assets/Resources/app.js
[DEBUG] from resource zip => assets/Resources/appicon.png
[DEBUG] from resource zip => assets/Resources/db.js
[DEBUG] from resource zip => assets/Resources/default.png
[DEBUG] from resource zip => assets/Resources/forcetkTN.js
[DEBUG] from resource zip => assets/Resources/todo.sqlite
[DEBUG] from resource zip => assets/Resources/underscore.js
[DEBUG] from resource zip => assets/app.json
[DEBUG] from resource zip => assets/index.json
[DEBUG] from resource zip => assets/tiapp.xml
[DEBUG] from resource zip => res/drawable/appicon.png
[DEBUG] from resource zip => res/drawable/background.png
[DEBUG] from resource zip => res/drawable/btn_check_buttonless_on_64.png
[DEBUG] from resource zip => res/drawable/btn_more_64.png
[DEBUG] from resource zip => res/drawable/disclosure_64.png
[DEBUG] from resource zip => res/layout/titanium_tabgroup.xml
[DEBUG] from resource zip => res/layout/titanium_ui_list_header_or_footer.xml
[DEBUG] from resource zip => res/layout/titanium_ui_list_item.xml
[DEBUG] from resource zip => AndroidManifest.xml
[DEBUG] from resource zip => resources.arsc
[DEBUG] from JAR /Users/dcarroll/Library/Application Support/Titanium/mobilesdk/osx/3.1.0.GA/android/titanium.jar => org/appcelerator/titanium/build.properties
[DEBUG] from JAR /Users/dcarroll/Library/Application Support/Titanium/mobilesdk/osx/3.1.0.GA/android/titanium.jar => org/appcelerator/titanium/res/drawable/background.png
[DEBUG] from JAR /Users/dcarroll/Library/Application Support/Titanium/mobilesdk/osx/3.1.0.GA/android/titanium.jar => org/appcelerator/titanium/res/drawable/btn_check_buttonless_on.png
[DEBUG] from JAR /Users/dcarroll/Library/Application Support/Titanium/mobilesdk/osx/3.1.0.GA/android/titanium.jar => org/appcelerator/titanium/res/drawable/btn_check_buttonless_on_18.png
[DEBUG] from JAR /Users/dcarroll/Library/Application Support/Titanium/mobilesdk/osx/3.1.0.GA/android/titanium.jar => org/appcelerator/titanium/res/drawable/btn_check_buttonless_on_48.png
[DEBUG] from JAR /Users/dcarroll/Library/Application Support/Titanium/mobilesdk/osx/3.1.0.GA/android/titanium.jar => org/appcelerator/titanium/res/drawable/btn_check_buttonless_on_64.png
[DEBUG] from JAR /Users/dcarroll/Library/Application Support/Titanium/mobilesdk/osx/3.1.0.GA/android/titanium.jar => org/appcelerator/titanium/res/drawable/btn_more.png
[DEBUG] from JAR /Users/dcarroll/Library/Application Support/Titanium/mobilesdk/osx/3.1.0.GA/android/titanium.jar => org/appcelerator/titanium/res/drawable/btn_more_18.png
[DEBUG] from JAR /Users/dcarroll/Library/Application Support/Titanium/mobilesdk/osx/3.1.0.GA/android/titanium.jar => org/appcelerator/titanium/res/drawable/btn_more_48.png
[DEBUG] from JAR /Users/dcarroll/Library/Application Support/Titanium/mobilesdk/osx/3.1.0.GA/android/titanium.jar => org/appcelerator/titanium/res/drawable/btn_more_64.png
[DEBUG] from JAR /Users/dcarroll/Library/Application Support/Titanium/mobilesdk/osx/3.1.0.GA/android/titanium.jar => org/appcelerator/titanium/res/drawable/btn_picker_normal.9.png
[DEBUG] from JAR /Users/dcarroll/Library/Application Support/Titanium/mobilesdk/osx/3.1.0.GA/android/titanium.jar => org/appcelerator/titanium/res/drawable/btn_picker_pressed.9.png
[DEBUG] from JAR /Users/dcarroll/Library/Application Support/Titanium/mobilesdk/osx/3.1.0.GA/android/titanium.jar => org/appcelerator/titanium/res/drawable/btn_picker_selected.9.png
[DEBUG] from JAR /Users/dcarroll/Library/Application Support/Titanium/mobilesdk/osx/3.1.0.GA/android/titanium.jar => org/appcelerator/titanium/res/drawable/default_icon.png
[DEBUG] from JAR /Users/dcarroll/Library/Application Support/Titanium/mobilesdk/osx/3.1.0.GA/android/titanium.jar => org/appcelerator/titanium/res/drawable/photoDefault.png
[DEBUG] from JAR /Users/dcarroll/Library/Application Support/Titanium/mobilesdk/osx/3.1.0.GA/android/modules/titanium-ui.jar => ti/modules/titanium/ui/widget/webview/binding.js
[DEBUG] from JAR /Users/dcarroll/Library/Application Support/Titanium/mobilesdk/osx/3.1.0.GA/android/modules/titanium-ui.jar => ti/modules/titanium/ui/widget/webview/binding.min.js
[DEBUG] from JAR /Users/dcarroll/Library/Application Support/Titanium/mobilesdk/osx/3.1.0.GA/android/modules/titanium-ui.jar => ti/modules/titanium/ui/widget/webview/json2.js
[DEBUG] from JAR /Users/dcarroll/Library/Application Support/Titanium/mobilesdk/osx/3.1.0.GA/android/modules/titanium-ui.jar => ti/modules/titanium/ui/widget/webview/polling.js
[DEBUG] from JAR /Users/dcarroll/Library/Application Support/Titanium/mobilesdk/osx/3.1.0.GA/android/modules/titanium-ui.jar => ti/modules/titanium/ui/widget/webview/polling.min.js
[DEBUG] from JAR /Users/dcarroll/Library/Application Support/Titanium/mobilesdk/osx/3.1.0.GA/android/thirdparty.jar => org/apache/Commons-NOTICE.txt
[DEBUG] from JAR /Users/dcarroll/Library/Application Support/Titanium/mobilesdk/osx/3.1.0.GA/android/thirdparty.jar => org/apache/HttpComponents-NOTICE.txt
[DEBUG] from JAR /Users/dcarroll/Library/Application Support/Titanium/mobilesdk/osx/3.1.0.GA/android/thirdparty.jar => org/apache/mime4j-NOTICE.txt
[DEBUG] installing native SDK libs
[DEBUG] Waiting for device to be ready ...
[TRACE] adb devices returned 1 devices/emulators
[DEBUG] Device connected... (waited 0 seconds)
[DEBUG] waited 0.027195 seconds on emulator to get ready
[INFO] Installing application on emulator
[INFO] Launching application ... Todo List
[TRACE] Launch output: Starting: Intent { act=android.intent.action.MAIN cat=[android.intent.category.LAUNCHER] flg=0x10200000 cmp=com.appcelerator.sample.todo/.TodoListActivity }

[INFO] Deployed Todo List ... Application should be running.
[INFO] Forwarding host port 56535 to device for debugging.
